# JRE version: Java(TM) SE Runtime Environment (11.0.3+12) (build 11.0.3+12-LTS)
# Java VM: Java HotSpot(TM) 64-Bit Server VM (11.0.3+12-LTS, mixed mode, tiered, compressed oops, g1 gc, windows-amd64)
Heap:
 garbage-first heap   total 131072K, used 19640K [0x0000000081600000, 0x0000000100000000)
  region size 1024K, 7 young (7168K), 5 survivors (5120K)
 Metaspace       used 32829K, capacity 33283K, committed 33584K, reserved 1079296K
  class space    used 3155K, capacity 3342K, committed 3456K, reserved 1048576K
GC Heap History (10 events):
Event: 20431.764 GC heap before
{Heap before GC invocations=11 (full 0):
 garbage-first heap   total 131072K, used 109971K [0x0000000081600000, 0x0000000100000000)
  region size 1024K, 76 young (77824K), 3 survivors (3072K)
 Metaspace       used 32420K, capacity 32942K, committed 33072K, reserved 1079296K
  class space    used 3154K, capacity 3340K, committed 3456K, reserved 1048576K
}
Event: 20431.779 GC heap after
{Heap after GC invocations=12 (full 0):
 garbage-first heap   total 131072K, used 17055K [0x0000000081600000, 0x0000000100000000)
  region size 1024K, 3 young (3072K), 3 survivors (3072K)
 Metaspace       used 32420K, capacity 32942K, committed 33072K, reserved 1079296K
  class space    used 3154K, capacity 3340K, committed 3456K, reserved 1048576K
}
Event: 20963.702 GC heap before
{Heap before GC invocations=12 (full 0):
 garbage-first heap   total 131072K, used 110239K [0x0000000081600000, 0x0000000100000000)
  region size 1024K, 76 young (77824K), 3 survivors (3072K)
 Metaspace       used 32522K, capacity 33024K, committed 33328K, reserved 1079296K
  class space    used 3155K, capacity 3342K, committed 3456K, reserved 1048576K
}
Event: 20963.749 GC heap after
{Heap after GC invocations=13 (full 0):
 garbage-first heap   total 131072K, used 17801K [0x0000000081600000, 0x0000000100000000)
  region size 1024K, 4 young (4096K), 4 survivors (4096K)
 Metaspace       used 32522K, capacity 33024K, committed 33328K, reserved 1079296K
  class space    used 3155K, capacity 3342K, committed 3456K, reserved 1048576K
}
Event: 21520.953 GC heap before
{Heap before GC invocations=13 (full 0):
 garbage-first heap   total 131072K, used 109961K [0x0000000081600000, 0x0000000100000000)
  region size 1024K, 76 young (77824K), 4 survivors (4096K)
 Metaspace       used 32649K, capacity 33154K, committed 33328K, reserved 1079296K
  class space    used 3155K, capacity 3342K, committed 3456K, reserved 1048576K
}
Event: 21520.956 GC heap after
{Heap after GC invocations=14 (full 0):
 garbage-first heap   total 131072K, used 17934K [0x0000000081600000, 0x0000000100000000)
  region size 1024K, 4 young (4096K), 4 survivors (4096K)
 Metaspace       used 32649K, capacity 33154K, committed 33328K, reserved 1079296K
  class space    used 3155K, capacity 3342K, committed 3456K, reserved 1048576K
}
Event: 23883.651 GC heap before
{Heap before GC invocations=14 (full 0):
 garbage-first heap   total 131072K, used 91662K [0x0000000081600000, 0x0000000100000000)
  region size 1024K, 76 young (77824K), 4 survivors (4096K)
 Metaspace       used 32791K, capacity 33282K, committed 33584K, reserved 1079296K
  class space    used 3155K, capacity 3342K, committed 3456K, reserved 1048576K
}
Event: 23883.690 GC heap after
{Heap after GC invocations=15 (full 0):
 garbage-first heap   total 131072K, used 18079K [0x0000000081600000, 0x0000000100000000)
  region size 1024K, 4 young (4096K), 4 survivors (4096K)
 Metaspace       used 32791K, capacity 33282K, committed 33584K, reserved 1079296K
  class space    used 3155K, capacity 3342K, committed 3456K, reserved 1048576K
}
Event: 24157.720 GC heap before
{Heap before GC invocations=15 (full 0):
 garbage-first heap   total 131072K, used 101023K [0x0000000081600000, 0x0000000100000000)
  region size 1024K, 76 young (77824K), 4 survivors (4096K)
 Metaspace       used 32829K, capacity 33283K, committed 33584K, reserved 1079296K
  class space    used 3155K, capacity 3342K, committed 3456K, reserved 1048576K
}
Event: 24157.732 GC heap after
{Heap after GC invocations=16 (full 0):
 garbage-first heap   total 131072K, used 18616K [0x0000000081600000, 0x0000000100000000)
  region size 1024K, 5 young (5120K), 5 survivors (5120K)
 Metaspace       used 32829K, capacity 33283K, committed 33584K, reserved 1079296K
  class space    used 3155K, capacity 3342K, committed 3456K, reserved 1048576K
}

